<?xml version="1.0" encoding="utf-8" standalone="no"?>
<!--This file represents the results of running a test suite-->
<test-results name="Tools/NUnit-v2.5/nunit-console.exe" total="0" errors="0" failures="0" not-run="0" inconclusive="0" ignored="0" skipped="0" invalid="0" date="2009-11-30" time="10:43:21">
  <environment nunit-version="2.5.2.9222" clr-version="2.0.50727.4927" os-version="Microsoft Windows NT 6.1.7600.0" platform="Win32NT" cwd="D:\Dev\Derick-Github\cheesewiz" machine-name="DBWIN7" user="derick" user-domain="dbwin7" />
  <culture-info current-culture="en-US" current-uiculture="en-US" />
  <test-suite name="Tools/NUnit-v2.5/nunit-console.exe" executed="False">
    <reason>
      <message><![CDATA[Has no TestFixtures]]></message>
    </reason>
  </test-suite>
</test-results>